

*******************************************************************************
Mon Feb 10 18:39:29 2014


FIT:    data read from "magnetization.dat" using 1:($2>0?$2:-$2)
        format = x:z
        #datapoints = 80
        residuals are weighted equally (unit weight)

function used for fitting: f(x)
fitted parameters initialized with current variable values



 Iteration 0
 WSSR        : 6.62629e+06       delta(WSSR)/WSSR   : 0
 delta(WSSR) : 0                 limit for stopping : 1e-05
 lambda	  : 12.9452

initial set of free parameter values

a               = 1
b               = 1
c               = 1
d               = 1

After 5 iterations the fit converged.
final sum of squares of residuals : 239714
rel. change during last iteration : -6.44156e-12

degrees of freedom    (FIT_NDF)                        : 76
rms of residuals      (FIT_STDFIT) = sqrt(WSSR/ndf)    : 56.1617
variance of residuals (reduced chisquare) = WSSR/ndf   : 3154.14

Final set of parameters            Asymptotic Standard Error
=======================            ==========================

a               = 45.8822          +/- 5.197        (11.33%)
b               = -298.718         +/- 32.01        (10.72%)
c               = 391.369          +/- 55.98        (14.3%)
d               = 303.258          +/- 26.34        (8.686%)


correlation matrix of the fit parameters:

               a      b      c      d      
a               1.000 
b              -0.986  1.000 
c               0.919 -0.970  1.000 
d              -0.680  0.762 -0.877  1.000 


*******************************************************************************
Mon Feb 10 18:55:03 2014


FIT:    data read from "magnetization.dat" using 1:($2>0?$2:-$2)
        format = x:z
        #datapoints = 80
        residuals are weighted equally (unit weight)

function used for fitting: f(x)
fitted parameters initialized with current variable values



 Iteration 0
 WSSR        : 6.54764e+06       delta(WSSR)/WSSR   : 0
 delta(WSSR) : 0                 limit for stopping : 1e-05
 lambda	  : 56.1389

initial set of free parameter values

Tc              = 1

After 2 iterations the fit converged.
final sum of squares of residuals : 6.54722e+06
rel. change during last iteration : -2.83725e-08

degrees of freedom    (FIT_NDF)                        : 79
rms of residuals      (FIT_STDFIT) = sqrt(WSSR/ndf)    : 287.882
variance of residuals (reduced chisquare) = WSSR/ndf   : 82876.2

Final set of parameters            Asymptotic Standard Error
=======================            ==========================

Tc              = 1.00605          +/- 20.22        (2010%)


correlation matrix of the fit parameters:

               Tc     
Tc              1.000 


*******************************************************************************
Mon Feb 10 18:55:03 2014


FIT:    data read from "magnetization.dat" using 1:($2>0?$2:-$2)
        format = x:z
        #datapoints = 80
        residuals are weighted equally (unit weight)

function used for fitting: f(x)
fitted parameters initialized with current variable values



 Iteration 0
 WSSR        : 6.54722e+06       delta(WSSR)/WSSR   : 0
 delta(WSSR) : 0                 limit for stopping : 1e-05
 lambda	  : 1.5918

initial set of free parameter values

Tc              = 1.00605

After 33 iterations the fit converged.
final sum of squares of residuals : 4.76662e+06
rel. change during last iteration : -6.67373e-08

degrees of freedom    (FIT_NDF)                        : 79
rms of residuals      (FIT_STDFIT) = sqrt(WSSR/ndf)    : 245.636
variance of residuals (reduced chisquare) = WSSR/ndf   : 60337

Final set of parameters            Asymptotic Standard Error
=======================            ==========================

Tc              = 8.63258e-05      +/- 3.148e-05    (36.47%)


correlation matrix of the fit parameters:

               Tc     
Tc              1.000 


*******************************************************************************
Mon Feb 10 18:55:03 2014


FIT:    data read from "magnetization.dat" using 1:($2>0?$2:-$2)
        format = x:z
        #datapoints = 80
        residuals are weighted equally (unit weight)

function used for fitting: f(x)
fitted parameters initialized with current variable values



 Iteration 0
 WSSR        : 4.76662e+06       delta(WSSR)/WSSR   : 0
 delta(WSSR) : 0                 limit for stopping : 1e-05
 lambda	  : 872330

initial set of free parameter values

Tc              = 8.63258e-05

After 1 iterations the fit converged.
final sum of squares of residuals : 4.76662e+06
rel. change during last iteration : -1.56307e-15

degrees of freedom    (FIT_NDF)                        : 79
rms of residuals      (FIT_STDFIT) = sqrt(WSSR/ndf)    : 245.636
variance of residuals (reduced chisquare) = WSSR/ndf   : 60337

Final set of parameters            Asymptotic Standard Error
=======================            ==========================

Tc              = 8.63258e-05      +/- 3.148e-05    (36.47%)


correlation matrix of the fit parameters:

               Tc     
Tc              1.000 


*******************************************************************************
Mon Feb 10 18:56:39 2014


FIT:    data read from "magnetization.dat" using 1:($2>0?$2:-$2)
        format = x:z
        #datapoints = 80
        residuals are weighted equally (unit weight)

function used for fitting: f(x)
fitted parameters initialized with current variable values



 Iteration 0
 WSSR        : 6.54764e+06       delta(WSSR)/WSSR   : 0
 delta(WSSR) : 0                 limit for stopping : 1e-05
 lambda	  : 56.1389

initial set of free parameter values

Tc              = 1

After 2 iterations the fit converged.
final sum of squares of residuals : 6.54722e+06
rel. change during last iteration : -2.83725e-08

degrees of freedom    (FIT_NDF)                        : 79
rms of residuals      (FIT_STDFIT) = sqrt(WSSR/ndf)    : 287.882
variance of residuals (reduced chisquare) = WSSR/ndf   : 82876.2

Final set of parameters            Asymptotic Standard Error
=======================            ==========================

Tc              = 1.00605          +/- 20.22        (2010%)


correlation matrix of the fit parameters:

               Tc     
Tc              1.000 


*******************************************************************************
Mon Feb 10 18:56:39 2014


FIT:    data read from "magnetization.dat" using 1:($2>0?$2:-$2)
        format = x:z
        #datapoints = 80
        residuals are weighted equally (unit weight)

function used for fitting: f(x)
fitted parameters initialized with current variable values



 Iteration 0
 WSSR        : 6.54722e+06       delta(WSSR)/WSSR   : 0
 delta(WSSR) : 0                 limit for stopping : 1e-05
 lambda	  : 1.5918

initial set of free parameter values

Tc              = 1.00605

After 33 iterations the fit converged.
final sum of squares of residuals : 4.76662e+06
rel. change during last iteration : -6.67373e-08

degrees of freedom    (FIT_NDF)                        : 79
rms of residuals      (FIT_STDFIT) = sqrt(WSSR/ndf)    : 245.636
variance of residuals (reduced chisquare) = WSSR/ndf   : 60337

Final set of parameters            Asymptotic Standard Error
=======================            ==========================

Tc              = 8.63258e-05      +/- 3.148e-05    (36.47%)


correlation matrix of the fit parameters:

               Tc     
Tc              1.000 


*******************************************************************************
Mon Feb 10 18:56:39 2014


FIT:    data read from "magnetization.dat" using 1:($2>0?$2:-$2)
        format = x:z
        #datapoints = 80
        residuals are weighted equally (unit weight)

function used for fitting: f(x)
fitted parameters initialized with current variable values



 Iteration 0
 WSSR        : 4.76662e+06       delta(WSSR)/WSSR   : 0
 delta(WSSR) : 0                 limit for stopping : 1e-05
 lambda	  : 872330

initial set of free parameter values

Tc              = 8.63258e-05

After 1 iterations the fit converged.
final sum of squares of residuals : 4.76662e+06
rel. change during last iteration : -1.56307e-15

degrees of freedom    (FIT_NDF)                        : 79
rms of residuals      (FIT_STDFIT) = sqrt(WSSR/ndf)    : 245.636
variance of residuals (reduced chisquare) = WSSR/ndf   : 60337

Final set of parameters            Asymptotic Standard Error
=======================            ==========================

Tc              = 8.63258e-05      +/- 3.148e-05    (36.47%)


correlation matrix of the fit parameters:

               Tc     
Tc              1.000 


*******************************************************************************
Mon Feb 10 18:58:15 2014


FIT:    data read from "magnetization.dat" using 1:($2>0?$2:-$2)
        format = x:z
        #datapoints = 80
        residuals are weighted equally (unit weight)

function used for fitting: f(x)
fitted parameters initialized with current variable values



 Iteration 0
 WSSR        : 6.54764e+06       delta(WSSR)/WSSR   : 0
 delta(WSSR) : 0                 limit for stopping : 1e-05
 lambda	  : 39.7088

initial set of free parameter values

a               = 1
Tc              = 1

After 5 iterations the fit converged.
final sum of squares of residuals : 2.88744e+06
rel. change during last iteration : -1.98355e-07

degrees of freedom    (FIT_NDF)                        : 78
rms of residuals      (FIT_STDFIT) = sqrt(WSSR/ndf)    : 192.402
variance of residuals (reduced chisquare) = WSSR/ndf   : 37018.5

Final set of parameters            Asymptotic Standard Error
=======================            ==========================

a               = 214.955          +/- 23.21        (10.8%)
Tc              = -14.0179         +/- 6.532e+04    (4.66e+05%)


correlation matrix of the fit parameters:

               a      Tc     
a               1.000 
Tc              0.376  1.000 


*******************************************************************************
Mon Feb 10 19:00:15 2014


FIT:    data read from "magnetization.dat" using 1:($2>0?$2:-$2)
        format = x:z
        #datapoints = 80
        residuals are weighted equally (unit weight)

function used for fitting: f(x)
fitted parameters initialized with current variable values



 Iteration 0
 WSSR        : 6.54764e+06       delta(WSSR)/WSSR   : 0
 delta(WSSR) : 0                 limit for stopping : 1e-05
 lambda	  : 39.7088

initial set of free parameter values

a               = 1
Tc              = 1

After 5 iterations the fit converged.
final sum of squares of residuals : 2.88744e+06
rel. change during last iteration : -1.98355e-07

degrees of freedom    (FIT_NDF)                        : 78
rms of residuals      (FIT_STDFIT) = sqrt(WSSR/ndf)    : 192.402
variance of residuals (reduced chisquare) = WSSR/ndf   : 37018.5

Final set of parameters            Asymptotic Standard Error
=======================            ==========================

a               = 214.955          +/- 23.21        (10.8%)
Tc              = -14.0179         +/- 6.532e+04    (4.66e+05%)


correlation matrix of the fit parameters:

               a      Tc     
a               1.000 
Tc              0.376  1.000 
